<?xml version="1.0" encoding="UTF-8"?>
<!-- Generated by org.testng.reporters.JUnitXMLReporter -->
<testsuite ignored="0" hostname="099w0296" failures="3" tests="6" name="Test" time="53.025" errors="0" timestamp="2022-06-20T18:08:13 ART">
  <testcase classname="SauceDemo.SauceDemo.Asignacion7" name="generarOrden" time="1.806">
    <failure type="java.lang.AssertionError" message="expected [https://www.saucedemo.com/inventory.html] but found [https://www.saucedemo.com/]">
      <![CDATA[java.lang.AssertionError: expected [https://www.saucedemo.com/inventory.html] but found [https://www.saucedemo.com/]
at SauceDemo.SauceDemo.Asignacion7.generarOrden(Asignacion7.java:58)
at java.base/java.util.ArrayList.forEach(ArrayList.java:1511)
... Removed 31 stack frames]]>
    </failure>
  </testcase> <!-- generarOrden -->
  <testcase classname="SauceDemo.SauceDemo.Asignacion7" name="generarOrden" time="12.375"/>
  <testcase classname="SauceDemo.SauceDemo.Asignacion7" name="generarOrden" time="1.652">
    <failure type="java.lang.AssertionError" message="expected [https://www.saucedemo.com/inventory.html] but found [https://www.saucedemo.com/]">
      <![CDATA[java.lang.AssertionError: expected [https://www.saucedemo.com/inventory.html] but found [https://www.saucedemo.com/]
at SauceDemo.SauceDemo.Asignacion7.generarOrden(Asignacion7.java:58)
at java.base/java.util.ArrayList.forEach(ArrayList.java:1511)
... Removed 31 stack frames]]>
    </failure>
  </testcase> <!-- generarOrden -->
  <testcase classname="SauceDemo.SauceDemo.Asignacion7" name="generarOrden" time="12.284"/>
  <testcase classname="SauceDemo.SauceDemo.Asignacion7" name="generarOrden" time="1.723">
    <failure type="java.lang.AssertionError" message="expected [https://www.saucedemo.com/inventory.html] but found [https://www.saucedemo.com/]">
      <![CDATA[java.lang.AssertionError: expected [https://www.saucedemo.com/inventory.html] but found [https://www.saucedemo.com/]
at SauceDemo.SauceDemo.Asignacion7.generarOrden(Asignacion7.java:58)
at java.base/java.util.ArrayList.forEach(ArrayList.java:1511)
... Removed 31 stack frames]]>
    </failure>
  </testcase> <!-- generarOrden -->
  <testcase classname="SauceDemo.SauceDemo.Asignacion7" name="generarOrden" time="22.559"/>
</testsuite> <!-- Test -->
